{"D:\\USUARIO\\Descargas\\visualCode\\mi-formulario\\backend\\src\\config\\db.js": {"path":"D:\\USUARIO\\Descargas\\visualCode\\mi-formulario\\backend\\src\\config\\db.js","statementMap":{"0":{"start":{"line":18,"column":12},"end":{"line":18,"column":40}},"1":{"start":{"line":20,"column":17},"end":{"line":28,"column":1}},"2":{"start":{"line":35,"column":22},"end":{"line":35,"column":26}},"3":{"start":{"line":36,"column":10},"end":{"line":36,"column":14}},"4":{"start":{"line":41,"column":4},"end":{"line":43,"column":5}},"5":{"start":{"line":42,"column":6},"end":{"line":42,"column":43}},"6":{"start":{"line":44,"column":4},"end":{"line":44,"column":41}},"7":{"start":{"line":52,"column":4},"end":{"line":54,"column":5}},"8":{"start":{"line":53,"column":6},"end":{"line":53,"column":63}},"9":{"start":{"line":55,"column":4},"end":{"line":55,"column":41}},"10":{"start":{"line":63,"column":4},"end":{"line":66,"column":5}},"11":{"start":{"line":64,"column":6},"end":{"line":64,"column":47}},"12":{"start":{"line":65,"column":6},"end":{"line":65,"column":79}},"13":{"start":{"line":67,"column":4},"end":{"line":67,"column":22}},"14":{"start":{"line":77,"column":17},"end":{"line":77,"column":37}},"15":{"start":{"line":78,"column":20},"end":{"line":78,"column":34}},"16":{"start":{"line":80,"column":4},"end":{"line":82,"column":7}},"17":{"start":{"line":81,"column":6},"end":{"line":81,"column":39}},"18":{"start":{"line":84,"column":4},"end":{"line":84,"column":36}},"19":{"start":{"line":91,"column":4},"end":{"line":96,"column":5}},"20":{"start":{"line":92,"column":6},"end":{"line":92,"column":31}},"21":{"start":{"line":93,"column":6},"end":{"line":93,"column":24}},"22":{"start":{"line":94,"column":6},"end":{"line":94,"column":43}},"23":{"start":{"line":95,"column":6},"end":{"line":95,"column":41}},"24":{"start":{"line":103,"column":11},"end":{"line":103,"column":43}},"25":{"start":{"line":105,"column":0},"end":{"line":111,"column":2}},"26":{"start":{"line":106,"column":32},"end":{"line":106,"column":59}},"27":{"start":{"line":107,"column":17},"end":{"line":107,"column":29}}},"fnMap":{"0":{"name":"(anonymous_0)","decl":{"start":{"line":40,"column":2},"end":{"line":40,"column":3}},"loc":{"start":{"line":40,"column":16},"end":{"line":45,"column":3}},"line":40},"1":{"name":"(anonymous_1)","decl":{"start":{"line":51,"column":2},"end":{"line":51,"column":3}},"loc":{"start":{"line":51,"column":23},"end":{"line":56,"column":3}},"line":51},"2":{"name":"(anonymous_2)","decl":{"start":{"line":62,"column":2},"end":{"line":62,"column":3}},"loc":{"start":{"line":62,"column":18},"end":{"line":68,"column":3}},"line":62},"3":{"name":"(anonymous_3)","decl":{"start":{"line":76,"column":2},"end":{"line":76,"column":3}},"loc":{"start":{"line":76,"column":38},"end":{"line":85,"column":3}},"line":76},"4":{"name":"(anonymous_4)","decl":{"start":{"line":80,"column":35},"end":{"line":80,"column":36}},"loc":{"start":{"line":80,"column":64},"end":{"line":82,"column":5}},"line":80},"5":{"name":"(anonymous_5)","decl":{"start":{"line":90,"column":2},"end":{"line":90,"column":3}},"loc":{"start":{"line":90,"column":17},"end":{"line":97,"column":3}},"line":90},"6":{"name":"(anonymous_6)","decl":{"start":{"line":106,"column":9},"end":{"line":106,"column":10}},"loc":{"start":{"line":106,"column":32},"end":{"line":106,"column":59}},"line":106},"7":{"name":"(anonymous_7)","decl":{"start":{"line":107,"column":11},"end":{"line":107,"column":12}},"loc":{"start":{"line":107,"column":17},"end":{"line":107,"column":29}},"line":107}},"branchMap":{"0":{"loc":{"start":{"line":41,"column":4},"end":{"line":43,"column":5}},"type":"if","locations":[{"start":{"line":41,"column":4},"end":{"line":43,"column":5}},{"start":{},"end":{}}],"line":41},"1":{"loc":{"start":{"line":52,"column":4},"end":{"line":54,"column":5}},"type":"if","locations":[{"start":{"line":52,"column":4},"end":{"line":54,"column":5}},{"start":{},"end":{}}],"line":52},"2":{"loc":{"start":{"line":63,"column":4},"end":{"line":66,"column":5}},"type":"if","locations":[{"start":{"line":63,"column":4},"end":{"line":66,"column":5}},{"start":{},"end":{}}],"line":63},"3":{"loc":{"start":{"line":76,"column":25},"end":{"line":76,"column":36}},"type":"default-arg","locations":[{"start":{"line":76,"column":34},"end":{"line":76,"column":36}}],"line":76},"4":{"loc":{"start":{"line":91,"column":4},"end":{"line":96,"column":5}},"type":"if","locations":[{"start":{"line":91,"column":4},"end":{"line":96,"column":5}},{"start":{},"end":{}}],"line":91}},"s":{"0":1,"1":1,"2":1,"3":1,"4":1,"5":0,"6":1,"7":1,"8":1,"9":1,"10":0,"11":0,"12":0,"13":0,"14":0,"15":0,"16":0,"17":0,"18":0,"19":0,"20":0,"21":0,"22":0,"23":0,"24":1,"25":1,"26":0,"27":0},"f":{"0":1,"1":1,"2":0,"3":0,"4":0,"5":0,"6":0,"7":0},"b":{"0":[0,1],"1":[1,0],"2":[0,0],"3":[0],"4":[0,0]},"_coverageSchema":"1a1c01bbd47fc00a2c39e90264f33305004495a9","hash":"7ba1b9c057497bfa2b811be8230d8c34a197375b"}
,"D:\\USUARIO\\Descargas\\visualCode\\mi-formulario\\backend\\src\\controllers\\courseController.js": {"path":"D:\\USUARIO\\Descargas\\visualCode\\mi-formulario\\backend\\src\\controllers\\courseController.js","statementMap":{"0":{"start":{"line":1,"column":23},"end":{"line":1,"column":46}},"1":{"start":{"line":2,"column":28},"end":{"line":2,"column":64}},"2":{"start":{"line":4,"column":26},"end":{"line":4,"column":29}},"3":{"start":{"line":7,"column":2},"end":{"line":7,"column":35}},"4":{"start":{"line":7,"column":26},"end":{"line":7,"column":35}},"5":{"start":{"line":8,"column":2},"end":{"line":8,"column":70}},"6":{"start":{"line":12,"column":2},"end":{"line":31,"column":3}},"7":{"start":{"line":13,"column":19},"end":{"line":25,"column":5}},"8":{"start":{"line":27,"column":4},"end":{"line":27,"column":43}},"9":{"start":{"line":29,"column":4},"end":{"line":29,"column":52}},"10":{"start":{"line":30,"column":4},"end":{"line":30,"column":63}},"11":{"start":{"line":35,"column":2},"end":{"line":83,"column":3}},"12":{"start":{"line":36,"column":23},"end":{"line":36,"column":46}},"13":{"start":{"line":37,"column":23},"end":{"line":37,"column":38}},"14":{"start":{"line":38,"column":21},"end":{"line":44,"column":5}},"15":{"start":{"line":46,"column":4},"end":{"line":48,"column":5}},"16":{"start":{"line":47,"column":6},"end":{"line":47,"column":68}},"17":{"start":{"line":50,"column":23},"end":{"line":65,"column":5}},"18":{"start":{"line":67,"column":25},"end":{"line":67,"column":45}},"19":{"start":{"line":68,"column":25},"end":{"line":68,"column":67}},"20":{"start":{"line":68,"column":47},"end":{"line":68,"column":59}},"21":{"start":{"line":69,"column":25},"end":{"line":69,"column":72}},"22":{"start":{"line":71,"column":4},"end":{"line":79,"column":7}},"23":{"start":{"line":81,"column":4},"end":{"line":81,"column":52}},"24":{"start":{"line":82,"column":4},"end":{"line":82,"column":62}},"25":{"start":{"line":87,"column":2},"end":{"line":113,"column":3}},"26":{"start":{"line":88,"column":36},"end":{"line":88,"column":44}},"27":{"start":{"line":89,"column":22},"end":{"line":89,"column":37}},"28":{"start":{"line":91,"column":4},"end":{"line":93,"column":5}},"29":{"start":{"line":92,"column":6},"end":{"line":92,"column":71}},"30":{"start":{"line":95,"column":19},"end":{"line":104,"column":5}},"31":{"start":{"line":106,"column":4},"end":{"line":109,"column":7}},"32":{"start":{"line":111,"column":4},"end":{"line":111,"column":50}},"33":{"start":{"line":112,"column":4},"end":{"line":112,"column":60}},"34":{"start":{"line":117,"column":2},"end":{"line":152,"column":3}},"35":{"start":{"line":118,"column":20},"end":{"line":118,"column":43}},"36":{"start":{"line":119,"column":30},"end":{"line":119,"column":38}},"37":{"start":{"line":121,"column":4},"end":{"line":123,"column":5}},"38":{"start":{"line":122,"column":6},"end":{"line":122,"column":78}},"39":{"start":{"line":126,"column":21},"end":{"line":129,"column":5}},"40":{"start":{"line":130,"column":4},"end":{"line":132,"column":5}},"41":{"start":{"line":131,"column":6},"end":{"line":131,"column":68}},"42":{"start":{"line":134,"column":19},"end":{"line":143,"column":5}},"43":{"start":{"line":145,"column":4},"end":{"line":148,"column":7}},"44":{"start":{"line":150,"column":4},"end":{"line":150,"column":53}},"45":{"start":{"line":151,"column":4},"end":{"line":151,"column":63}},"46":{"start":{"line":156,"column":2},"end":{"line":185,"column":3}},"47":{"start":{"line":157,"column":22},"end":{"line":157,"column":45}},"48":{"start":{"line":158,"column":22},"end":{"line":158,"column":52}},"49":{"start":{"line":160,"column":19},"end":{"line":172,"column":5}},"50":{"start":{"line":174,"column":35},"end":{"line":174,"column":54}},"51":{"start":{"line":175,"column":23},"end":{"line":175,"column":61}},"52":{"start":{"line":176,"column":26},"end":{"line":176,"column":71}},"53":{"start":{"line":177,"column":4},"end":{"line":179,"column":5}},"54":{"start":{"line":178,"column":6},"end":{"line":178,"column":39}},"55":{"start":{"line":181,"column":4},"end":{"line":181,"column":44}},"56":{"start":{"line":183,"column":4},"end":{"line":183,"column":54}},"57":{"start":{"line":184,"column":4},"end":{"line":184,"column":77}},"58":{"start":{"line":188,"column":0},"end":{"line":195,"column":2}}},"fnMap":{"0":{"name":"calcularPorcentaje","decl":{"start":{"line":6,"column":9},"end":{"line":6,"column":27}},"loc":{"start":{"line":6,"column":55},"end":{"line":9,"column":1}},"line":6},"1":{"name":"listarCursos","decl":{"start":{"line":11,"column":15},"end":{"line":11,"column":27}},"loc":{"start":{"line":11,"column":38},"end":{"line":32,"column":1}},"line":11},"2":{"name":"obtenerCurso","decl":{"start":{"line":34,"column":15},"end":{"line":34,"column":27}},"loc":{"start":{"line":34,"column":38},"end":{"line":84,"column":1}},"line":34},"3":{"name":"(anonymous_3)","decl":{"start":{"line":68,"column":40},"end":{"line":68,"column":41}},"loc":{"start":{"line":68,"column":47},"end":{"line":68,"column":59}},"line":68},"4":{"name":"crearCurso","decl":{"start":{"line":86,"column":15},"end":{"line":86,"column":25}},"loc":{"start":{"line":86,"column":36},"end":{"line":114,"column":1}},"line":86},"5":{"name":"agregarModulo","decl":{"start":{"line":116,"column":15},"end":{"line":116,"column":28}},"loc":{"start":{"line":116,"column":39},"end":{"line":153,"column":1}},"line":116},"6":{"name":"verificarCursoCompleto","decl":{"start":{"line":155,"column":15},"end":{"line":155,"column":37}},"loc":{"start":{"line":155,"column":48},"end":{"line":186,"column":1}},"line":155}},"branchMap":{"0":{"loc":{"start":{"line":7,"column":2},"end":{"line":7,"column":35}},"type":"if","locations":[{"start":{"line":7,"column":2},"end":{"line":7,"column":35}},{"start":{},"end":{}}],"line":7},"1":{"loc":{"start":{"line":46,"column":4},"end":{"line":48,"column":5}},"type":"if","locations":[{"start":{"line":46,"column":4},"end":{"line":48,"column":5}},{"start":{},"end":{}}],"line":46},"2":{"loc":{"start":{"line":63,"column":37},"end":{"line":63,"column":51}},"type":"binary-expr","locations":[{"start":{"line":63,"column":37},"end":{"line":63,"column":46}},{"start":{"line":63,"column":50},"end":{"line":63,"column":51}}],"line":63},"3":{"loc":{"start":{"line":91,"column":4},"end":{"line":93,"column":5}},"type":"if","locations":[{"start":{"line":91,"column":4},"end":{"line":93,"column":5}},{"start":{},"end":{}}],"line":91},"4":{"loc":{"start":{"line":101,"column":49},"end":{"line":101,"column":68}},"type":"binary-expr","locations":[{"start":{"line":101,"column":49},"end":{"line":101,"column":60}},{"start":{"line":101,"column":64},"end":{"line":101,"column":68}}],"line":101},"5":{"loc":{"start":{"line":121,"column":4},"end":{"line":123,"column":5}},"type":"if","locations":[{"start":{"line":121,"column":4},"end":{"line":123,"column":5}},{"start":{},"end":{}}],"line":121},"6":{"loc":{"start":{"line":121,"column":8},"end":{"line":121,"column":38}},"type":"binary-expr","locations":[{"start":{"line":121,"column":8},"end":{"line":121,"column":15}},{"start":{"line":121,"column":19},"end":{"line":121,"column":38}}],"line":121},"7":{"loc":{"start":{"line":130,"column":4},"end":{"line":132,"column":5}},"type":"if","locations":[{"start":{"line":130,"column":4},"end":{"line":132,"column":5}},{"start":{},"end":{}}],"line":130},"8":{"loc":{"start":{"line":176,"column":26},"end":{"line":176,"column":71}},"type":"binary-expr","locations":[{"start":{"line":176,"column":26},"end":{"line":176,"column":58}},{"start":{"line":176,"column":62},"end":{"line":176,"column":71}}],"line":176},"9":{"loc":{"start":{"line":177,"column":4},"end":{"line":179,"column":5}},"type":"if","locations":[{"start":{"line":177,"column":4},"end":{"line":179,"column":5}},{"start":{},"end":{}}],"line":177}},"s":{"0":1,"1":1,"2":1,"3":7,"4":1,"5":6,"6":0,"7":0,"8":0,"9":0,"10":0,"11":0,"12":0,"13":0,"14":0,"15":0,"16":0,"17":0,"18":0,"19":0,"20":0,"21":0,"22":0,"23":0,"24":0,"25":0,"26":0,"27":0,"28":0,"29":0,"30":0,"31":0,"32":0,"33":0,"34":0,"35":0,"36":0,"37":0,"38":0,"39":0,"40":0,"41":0,"42":0,"43":0,"44":0,"45":0,"46":0,"47":0,"48":0,"49":0,"50":0,"51":0,"52":0,"53":0,"54":0,"55":0,"56":0,"57":0,"58":1},"f":{"0":7,"1":0,"2":0,"3":0,"4":0,"5":0,"6":0},"b":{"0":[1,6],"1":[0,0],"2":[0,0],"3":[0,0],"4":[0,0],"5":[0,0],"6":[0,0],"7":[0,0],"8":[0,0],"9":[0,0]},"_coverageSchema":"1a1c01bbd47fc00a2c39e90264f33305004495a9","hash":"5465e6269ad7a8f13035d8430c6cfc28e565df6b"}
,"D:\\USUARIO\\Descargas\\visualCode\\mi-formulario\\backend\\src\\controllers\\gamificationController.js": {"path":"D:\\USUARIO\\Descargas\\visualCode\\mi-formulario\\backend\\src\\controllers\\gamificationController.js","statementMap":{"0":{"start":{"line":13,"column":23},"end":{"line":13,"column":46}},"1":{"start":{"line":14,"column":29},"end":{"line":14,"column":72}},"2":{"start":{"line":15,"column":30},"end":{"line":15,"column":74}},"3":{"start":{"line":21,"column":2},"end":{"line":35,"column":3}},"4":{"start":{"line":22,"column":26},"end":{"line":22,"column":36}},"5":{"start":{"line":23,"column":19},"end":{"line":30,"column":5}},"6":{"start":{"line":31,"column":4},"end":{"line":31,"column":46}},"7":{"start":{"line":33,"column":4},"end":{"line":33,"column":56}},"8":{"start":{"line":34,"column":4},"end":{"line":34,"column":66}},"9":{"start":{"line":43,"column":2},"end":{"line":85,"column":3}},"10":{"start":{"line":44,"column":36},"end":{"line":44,"column":44}},"11":{"start":{"line":46,"column":4},"end":{"line":48,"column":5}},"12":{"start":{"line":47,"column":6},"end":{"line":47,"column":84}},"13":{"start":{"line":51,"column":4},"end":{"line":63,"column":6}},"14":{"start":{"line":66,"column":23},"end":{"line":66,"column":99}},"15":{"start":{"line":70,"column":25},"end":{"line":70,"column":44}},"16":{"start":{"line":71,"column":28},"end":{"line":71,"column":47}},"17":{"start":{"line":74,"column":25},"end":{"line":74,"column":47}},"18":{"start":{"line":75,"column":25},"end":{"line":75,"column":66}},"19":{"start":{"line":77,"column":4},"end":{"line":81,"column":7}},"20":{"start":{"line":83,"column":4},"end":{"line":83,"column":55}},"21":{"start":{"line":84,"column":4},"end":{"line":84,"column":65}},"22":{"start":{"line":92,"column":2},"end":{"line":101,"column":3}},"23":{"start":{"line":93,"column":19},"end":{"line":96,"column":5}},"24":{"start":{"line":97,"column":4},"end":{"line":97,"column":44}},"25":{"start":{"line":99,"column":4},"end":{"line":99,"column":54}},"26":{"start":{"line":100,"column":4},"end":{"line":100,"column":64}},"27":{"start":{"line":108,"column":2},"end":{"line":122,"column":3}},"28":{"start":{"line":109,"column":26},"end":{"line":109,"column":36}},"29":{"start":{"line":110,"column":19},"end":{"line":114,"column":5}},"30":{"start":{"line":115,"column":4},"end":{"line":117,"column":5}},"31":{"start":{"line":116,"column":6},"end":{"line":116,"column":58}},"32":{"start":{"line":118,"column":4},"end":{"line":118,"column":34}},"33":{"start":{"line":120,"column":4},"end":{"line":120,"column":53}},"34":{"start":{"line":121,"column":4},"end":{"line":121,"column":63}},"35":{"start":{"line":125,"column":0},"end":{"line":125,"column":82}}},"fnMap":{"0":{"name":"obtenerInsignias","decl":{"start":{"line":20,"column":15},"end":{"line":20,"column":31}},"loc":{"start":{"line":20,"column":42},"end":{"line":36,"column":1}},"line":20},"1":{"name":"completarModulo","decl":{"start":{"line":42,"column":15},"end":{"line":42,"column":30}},"loc":{"start":{"line":42,"column":41},"end":{"line":86,"column":1}},"line":42},"2":{"name":"obtenerRanking","decl":{"start":{"line":91,"column":15},"end":{"line":91,"column":29}},"loc":{"start":{"line":91,"column":40},"end":{"line":102,"column":1}},"line":91},"3":{"name":"misPuntos","decl":{"start":{"line":107,"column":15},"end":{"line":107,"column":24}},"loc":{"start":{"line":107,"column":35},"end":{"line":123,"column":1}},"line":107}},"branchMap":{"0":{"loc":{"start":{"line":46,"column":4},"end":{"line":48,"column":5}},"type":"if","locations":[{"start":{"line":46,"column":4},"end":{"line":48,"column":5}},{"start":{},"end":{}}],"line":46},"1":{"loc":{"start":{"line":46,"column":8},"end":{"line":46,"column":31}},"type":"binary-expr","locations":[{"start":{"line":46,"column":8},"end":{"line":46,"column":18}},{"start":{"line":46,"column":22},"end":{"line":46,"column":31}}],"line":46},"2":{"loc":{"start":{"line":70,"column":25},"end":{"line":70,"column":44}},"type":"binary-expr","locations":[{"start":{"line":70,"column":25},"end":{"line":70,"column":38}},{"start":{"line":70,"column":42},"end":{"line":70,"column":44}}],"line":70},"3":{"loc":{"start":{"line":71,"column":28},"end":{"line":71,"column":47}},"type":"binary-expr","locations":[{"start":{"line":71,"column":28},"end":{"line":71,"column":41}},{"start":{"line":71,"column":45},"end":{"line":71,"column":47}}],"line":71},"4":{"loc":{"start":{"line":115,"column":4},"end":{"line":117,"column":5}},"type":"if","locations":[{"start":{"line":115,"column":4},"end":{"line":117,"column":5}},{"start":{},"end":{}}],"line":115}},"s":{"0":2,"1":2,"2":2,"3":1,"4":1,"5":1,"6":1,"7":0,"8":0,"9":6,"10":6,"11":6,"12":2,"13":4,"14":3,"15":3,"16":3,"17":3,"18":3,"19":3,"20":1,"21":1,"22":3,"23":3,"24":2,"25":1,"26":1,"27":1,"28":1,"29":1,"30":1,"31":0,"32":1,"33":0,"34":0,"35":2},"f":{"0":1,"1":6,"2":3,"3":1},"b":{"0":[2,4],"1":[6,5],"2":[3,0],"3":[3,0],"4":[0,1]},"_coverageSchema":"1a1c01bbd47fc00a2c39e90264f33305004495a9","hash":"aebaae1e6eaed0cba2b245922d6f8f0619f919ca"}
,"D:\\USUARIO\\Descargas\\visualCode\\mi-formulario\\backend\\src\\observers\\GamificationObserver.js": {"path":"D:\\USUARIO\\Descargas\\visualCode\\mi-formulario\\backend\\src\\observers\\GamificationObserver.js","statementMap":{"0":{"start":{"line":24,"column":29},"end":{"line":24,"column":72}},"1":{"start":{"line":30,"column":4},"end":{"line":30,"column":43}},"2":{"start":{"line":31,"column":23},"end":{"line":31,"column":46}},"3":{"start":{"line":32,"column":38},"end":{"line":32,"column":67}},"4":{"start":{"line":43,"column":4},"end":{"line":43,"column":70}},"5":{"start":{"line":52,"column":24},"end":{"line":52,"column":46}},"6":{"start":{"line":54,"column":32},"end":{"line":58,"column":5}},"7":{"start":{"line":60,"column":23},"end":{"line":60,"column":50}},"8":{"start":{"line":61,"column":4},"end":{"line":61,"column":28}},"9":{"start":{"line":61,"column":21},"end":{"line":61,"column":28}},"10":{"start":{"line":63,"column":21},"end":{"line":63,"column":64}},"11":{"start":{"line":64,"column":22},"end":{"line":64,"column":56}},"12":{"start":{"line":66,"column":4},"end":{"line":68,"column":5}},"13":{"start":{"line":67,"column":6},"end":{"line":67,"column":112}},"14":{"start":{"line":70,"column":4},"end":{"line":70,"column":21}},"15":{"start":{"line":80,"column":4},"end":{"line":80,"column":76}},"16":{"start":{"line":80,"column":69},"end":{"line":80,"column":76}},"17":{"start":{"line":82,"column":23},"end":{"line":86,"column":5}},"18":{"start":{"line":87,"column":31},"end":{"line":87,"column":60}},"19":{"start":{"line":89,"column":24},"end":{"line":89,"column":46}},"20":{"start":{"line":90,"column":24},"end":{"line":90,"column":65}},"21":{"start":{"line":92,"column":19},"end":{"line":100,"column":5}},"22":{"start":{"line":102,"column":19},"end":{"line":102,"column":21}},"23":{"start":{"line":104,"column":4},"end":{"line":135,"column":5}},"24":{"start":{"line":105,"column":20},"end":{"line":105,"column":79}},"25":{"start":{"line":106,"column":6},"end":{"line":106,"column":41}},"26":{"start":{"line":106,"column":32},"end":{"line":106,"column":41}},"27":{"start":{"line":108,"column":26},"end":{"line":111,"column":7}},"28":{"start":{"line":112,"column":6},"end":{"line":112,"column":50}},"29":{"start":{"line":112,"column":41},"end":{"line":112,"column":50}},"30":{"start":{"line":114,"column":25},"end":{"line":114,"column":52}},"31":{"start":{"line":116,"column":24},"end":{"line":123,"column":7}},"32":{"start":{"line":124,"column":6},"end":{"line":124,"column":47}},"33":{"start":{"line":124,"column":38},"end":{"line":124,"column":47}},"34":{"start":{"line":126,"column":6},"end":{"line":132,"column":8}},"35":{"start":{"line":133,"column":6},"end":{"line":133,"column":32}},"36":{"start":{"line":134,"column":6},"end":{"line":134,"column":86}},"37":{"start":{"line":137,"column":4},"end":{"line":137,"column":18}},"38":{"start":{"line":146,"column":15},"end":{"line":146,"column":39}},"39":{"start":{"line":147,"column":4},"end":{"line":147,"column":89}},"40":{"start":{"line":157,"column":4},"end":{"line":157,"column":27}},"41":{"start":{"line":165,"column":4},"end":{"line":165,"column":39}},"42":{"start":{"line":173,"column":4},"end":{"line":173,"column":74}},"43":{"start":{"line":173,"column":56},"end":{"line":173,"column":72}},"44":{"start":{"line":183,"column":23},"end":{"line":185,"column":5}},"45":{"start":{"line":184,"column":37},"end":{"line":184,"column":66}},"46":{"start":{"line":186,"column":4},"end":{"line":186,"column":22}},"47":{"start":{"line":194,"column":26},"end":{"line":194,"column":50}},"48":{"start":{"line":195,"column":0},"end":{"line":195,"column":47}},"49":{"start":{"line":196,"column":0},"end":{"line":196,"column":50}},"50":{"start":{"line":197,"column":0},"end":{"line":197,"column":53}},"51":{"start":{"line":199,"column":0},"end":{"line":206,"column":2}}},"fnMap":{"0":{"name":"(anonymous_0)","decl":{"start":{"line":42,"column":2},"end":{"line":42,"column":3}},"loc":{"start":{"line":42,"column":34},"end":{"line":44,"column":3}},"line":42},"1":{"name":"(anonymous_1)","decl":{"start":{"line":51,"column":2},"end":{"line":51,"column":3}},"loc":{"start":{"line":51,"column":42},"end":{"line":71,"column":3}},"line":51},"2":{"name":"(anonymous_2)","decl":{"start":{"line":78,"column":2},"end":{"line":78,"column":3}},"loc":{"start":{"line":78,"column":42},"end":{"line":138,"column":3}},"line":78},"3":{"name":"(anonymous_3)","decl":{"start":{"line":145,"column":2},"end":{"line":145,"column":3}},"loc":{"start":{"line":145,"column":34},"end":{"line":148,"column":3}},"line":145},"4":{"name":"(anonymous_4)","decl":{"start":{"line":155,"column":2},"end":{"line":155,"column":3}},"loc":{"start":{"line":155,"column":16},"end":{"line":158,"column":3}},"line":155},"5":{"name":"(anonymous_5)","decl":{"start":{"line":164,"column":2},"end":{"line":164,"column":3}},"loc":{"start":{"line":164,"column":24},"end":{"line":166,"column":3}},"line":164},"6":{"name":"(anonymous_6)","decl":{"start":{"line":172,"column":2},"end":{"line":172,"column":3}},"loc":{"start":{"line":172,"column":26},"end":{"line":174,"column":3}},"line":172},"7":{"name":"(anonymous_7)","decl":{"start":{"line":173,"column":49},"end":{"line":173,"column":50}},"loc":{"start":{"line":173,"column":56},"end":{"line":173,"column":72}},"line":173},"8":{"name":"(anonymous_8)","decl":{"start":{"line":182,"column":2},"end":{"line":182,"column":3}},"loc":{"start":{"line":182,"column":30},"end":{"line":187,"column":3}},"line":182},"9":{"name":"(anonymous_9)","decl":{"start":{"line":184,"column":28},"end":{"line":184,"column":29}},"loc":{"start":{"line":184,"column":37},"end":{"line":184,"column":66}},"line":184}},"branchMap":{"0":{"loc":{"start":{"line":61,"column":4},"end":{"line":61,"column":28}},"type":"if","locations":[{"start":{"line":61,"column":4},"end":{"line":61,"column":28}},{"start":{},"end":{}}],"line":61},"1":{"loc":{"start":{"line":66,"column":4},"end":{"line":68,"column":5}},"type":"if","locations":[{"start":{"line":66,"column":4},"end":{"line":68,"column":5}},{"start":{},"end":{}}],"line":66},"2":{"loc":{"start":{"line":80,"column":4},"end":{"line":80,"column":76}},"type":"if","locations":[{"start":{"line":80,"column":4},"end":{"line":80,"column":76}},{"start":{},"end":{}}],"line":80},"3":{"loc":{"start":{"line":105,"column":20},"end":{"line":105,"column":79}},"type":"cond-expr","locations":[{"start":{"line":105,"column":47},"end":{"line":105,"column":65}},{"start":{"line":105,"column":68},"end":{"line":105,"column":79}}],"line":105},"4":{"loc":{"start":{"line":106,"column":6},"end":{"line":106,"column":41}},"type":"if","locations":[{"start":{"line":106,"column":6},"end":{"line":106,"column":41}},{"start":{},"end":{}}],"line":106},"5":{"loc":{"start":{"line":112,"column":6},"end":{"line":112,"column":50}},"type":"if","locations":[{"start":{"line":112,"column":6},"end":{"line":112,"column":50}},{"start":{},"end":{}}],"line":112},"6":{"loc":{"start":{"line":124,"column":6},"end":{"line":124,"column":47}},"type":"if","locations":[{"start":{"line":124,"column":6},"end":{"line":124,"column":47}},{"start":{},"end":{}}],"line":124}},"s":{"0":2,"1":2,"2":2,"3":2,"4":0,"5":3,"6":3,"7":3,"8":3,"9":0,"10":3,"11":3,"12":3,"13":3,"14":3,"15":3,"16":0,"17":3,"18":3,"19":3,"20":3,"21":3,"22":3,"23":3,"24":21,"25":21,"26":14,"27":7,"28":7,"29":0,"30":7,"31":7,"32":7,"33":7,"34":0,"35":0,"36":0,"37":3,"38":3,"39":3,"40":2,"41":6,"42":0,"43":0,"44":3,"45":9,"46":3,"47":2,"48":2,"49":2,"50":2,"51":2},"f":{"0":0,"1":3,"2":3,"3":3,"4":2,"5":6,"6":0,"7":0,"8":3,"9":9},"b":{"0":[0,3],"1":[3,0],"2":[0,3],"3":[12,9],"4":[14,7],"5":[0,7],"6":[7,0]},"_coverageSchema":"1a1c01bbd47fc00a2c39e90264f33305004495a9","hash":"28f3c6d227b0b0a4b1fd4b0ae52e5401929761db"}
,"D:\\USUARIO\\Descargas\\visualCode\\mi-formulario\\backend\\src\\repositories\\PointsRepository.js": {"path":"D:\\USUARIO\\Descargas\\visualCode\\mi-formulario\\backend\\src\\repositories\\PointsRepository.js","statementMap":{"0":{"start":{"line":20,"column":23},"end":{"line":20,"column":46}},"1":{"start":{"line":21,"column":26},"end":{"line":21,"column":55}},"2":{"start":{"line":32,"column":4},"end":{"line":40,"column":6}},"3":{"start":{"line":49,"column":19},"end":{"line":54,"column":5}},"4":{"start":{"line":55,"column":4},"end":{"line":55,"column":37}},"5":{"start":{"line":66,"column":19},"end":{"line":76,"column":5}},"6":{"start":{"line":77,"column":4},"end":{"line":77,"column":41}},"7":{"start":{"line":86,"column":19},"end":{"line":92,"column":5}},"8":{"start":{"line":93,"column":4},"end":{"line":93,"column":28}},"9":{"start":{"line":97,"column":0},"end":{"line":97,"column":38}}},"fnMap":{"0":{"name":"(anonymous_0)","decl":{"start":{"line":31,"column":2},"end":{"line":31,"column":3}},"loc":{"start":{"line":31,"column":45},"end":{"line":41,"column":3}},"line":31},"1":{"name":"(anonymous_1)","decl":{"start":{"line":48,"column":2},"end":{"line":48,"column":3}},"loc":{"start":{"line":48,"column":32},"end":{"line":56,"column":3}},"line":48},"2":{"name":"(anonymous_2)","decl":{"start":{"line":65,"column":2},"end":{"line":65,"column":3}},"loc":{"start":{"line":65,"column":46},"end":{"line":78,"column":3}},"line":65},"3":{"name":"(anonymous_3)","decl":{"start":{"line":85,"column":2},"end":{"line":85,"column":3}},"loc":{"start":{"line":85,"column":36},"end":{"line":94,"column":3}},"line":85}},"branchMap":{},"s":{"0":3,"1":3,"2":5,"3":8,"4":8,"5":2,"6":2,"7":2,"8":2,"9":3},"f":{"0":5,"1":8,"2":2,"3":2},"b":{},"_coverageSchema":"1a1c01bbd47fc00a2c39e90264f33305004495a9","hash":"243fc7d6b9d62d286960a15193076123a0ed0da3"}
,"D:\\USUARIO\\Descargas\\visualCode\\mi-formulario\\backend\\src\\routes\\gamificationRoutes.js": {"path":"D:\\USUARIO\\Descargas\\visualCode\\mi-formulario\\backend\\src\\routes\\gamificationRoutes.js","statementMap":{"0":{"start":{"line":1,"column":16},"end":{"line":1,"column":34}},"1":{"start":{"line":2,"column":15},"end":{"line":2,"column":31}},"2":{"start":{"line":9,"column":4},"end":{"line":9,"column":52}},"3":{"start":{"line":11,"column":0},"end":{"line":11,"column":39}},"4":{"start":{"line":13,"column":0},"end":{"line":13,"column":54}},"5":{"start":{"line":15,"column":0},"end":{"line":15,"column":48}},"6":{"start":{"line":17,"column":0},"end":{"line":17,"column":50}},"7":{"start":{"line":19,"column":0},"end":{"line":19,"column":24}}},"fnMap":{},"branchMap":{},"s":{"0":2,"1":2,"2":2,"3":2,"4":2,"5":2,"6":2,"7":2},"f":{},"b":{},"_coverageSchema":"1a1c01bbd47fc00a2c39e90264f33305004495a9","hash":"1ef2affb7d807940f8542f12d1589c2ba173bc64"}
,"D:\\USUARIO\\Descargas\\visualCode\\mi-formulario\\backend\\src\\services\\pointsService.js": {"path":"D:\\USUARIO\\Descargas\\visualCode\\mi-formulario\\backend\\src\\services\\pointsService.js","statementMap":{"0":{"start":{"line":1,"column":23},"end":{"line":1,"column":46}},"1":{"start":{"line":2,"column":34},"end":{"line":2,"column":63}},"2":{"start":{"line":5,"column":2},"end":{"line":13,"column":4}},"3":{"start":{"line":17,"column":17},"end":{"line":22,"column":3}},"4":{"start":{"line":24,"column":2},"end":{"line":24,"column":35}},"5":{"start":{"line":28,"column":17},"end":{"line":38,"column":3}},"6":{"start":{"line":40,"column":2},"end":{"line":40,"column":39}},"7":{"start":{"line":44,"column":2},"end":{"line":48,"column":4}},"8":{"start":{"line":52,"column":2},"end":{"line":56,"column":4}},"9":{"start":{"line":60,"column":20},"end":{"line":60,"column":52}},"10":{"start":{"line":62,"column":2},"end":{"line":62,"column":30}},"11":{"start":{"line":62,"column":17},"end":{"line":62,"column":30}},"12":{"start":{"line":64,"column":2},"end":{"line":68,"column":4}},"13":{"start":{"line":70,"column":2},"end":{"line":70,"column":14}},"14":{"start":{"line":73,"column":0},"end":{"line":79,"column":2}}},"fnMap":{"0":{"name":"asignarPuntos","decl":{"start":{"line":4,"column":15},"end":{"line":4,"column":28}},"loc":{"start":{"line":4,"column":58},"end":{"line":14,"column":1}},"line":4},"1":{"name":"obtenerTotalPuntos","decl":{"start":{"line":16,"column":15},"end":{"line":16,"column":33}},"loc":{"start":{"line":16,"column":45},"end":{"line":25,"column":1}},"line":16},"2":{"name":"yaTuvoPuntosHoy","decl":{"start":{"line":27,"column":15},"end":{"line":27,"column":30}},"loc":{"start":{"line":27,"column":42},"end":{"line":41,"column":1}},"line":27},"3":{"name":"puntajeporModulo","decl":{"start":{"line":43,"column":15},"end":{"line":43,"column":31}},"loc":{"start":{"line":43,"column":43},"end":{"line":49,"column":1}},"line":43},"4":{"name":"puntajePorCurso","decl":{"start":{"line":51,"column":15},"end":{"line":51,"column":30}},"loc":{"start":{"line":51,"column":42},"end":{"line":57,"column":1}},"line":51},"5":{"name":"puntajePrimerAcceso","decl":{"start":{"line":59,"column":15},"end":{"line":59,"column":34}},"loc":{"start":{"line":59,"column":46},"end":{"line":71,"column":1}},"line":59}},"branchMap":{"0":{"loc":{"start":{"line":62,"column":2},"end":{"line":62,"column":30}},"type":"if","locations":[{"start":{"line":62,"column":2},"end":{"line":62,"column":30}},{"start":{},"end":{}}],"line":62}},"s":{"0":2,"1":2,"2":4,"3":1,"4":1,"5":2,"6":2,"7":1,"8":1,"9":2,"10":2,"11":1,"12":1,"13":1,"14":2},"f":{"0":4,"1":1,"2":2,"3":1,"4":1,"5":2},"b":{"0":[1,1]},"_coverageSchema":"1a1c01bbd47fc00a2c39e90264f33305004495a9","hash":"b9796db88720a2debda6f12d91890ee873f1febf"}
,"D:\\USUARIO\\Descargas\\visualCode\\mi-formulario\\backend\\src\\services\\rankingService.js": {"path":"D:\\USUARIO\\Descargas\\visualCode\\mi-formulario\\backend\\src\\services\\rankingService.js","statementMap":{"0":{"start":{"line":1,"column":23},"end":{"line":1,"column":46}},"1":{"start":{"line":4,"column":2},"end":{"line":4,"column":47}},"2":{"start":{"line":4,"column":22},"end":{"line":4,"column":47}},"3":{"start":{"line":5,"column":2},"end":{"line":5,"column":48}},"4":{"start":{"line":5,"column":22},"end":{"line":5,"column":48}},"5":{"start":{"line":6,"column":2},"end":{"line":6,"column":47}},"6":{"start":{"line":6,"column":22},"end":{"line":6,"column":47}},"7":{"start":{"line":7,"column":2},"end":{"line":7,"column":38}},"8":{"start":{"line":7,"column":22},"end":{"line":7,"column":38}},"9":{"start":{"line":8,"column":2},"end":{"line":8,"column":32}},"10":{"start":{"line":12,"column":17},"end":{"line":24,"column":3}},"11":{"start":{"line":26,"column":2},"end":{"line":29,"column":6}},"12":{"start":{"line":26,"column":41},"end":{"line":29,"column":3}},"13":{"start":{"line":33,"column":17},"end":{"line":48,"column":3}},"14":{"start":{"line":50,"column":2},"end":{"line":50,"column":49}},"15":{"start":{"line":50,"column":37},"end":{"line":50,"column":49}},"16":{"start":{"line":52,"column":15},"end":{"line":52,"column":34}},"17":{"start":{"line":54,"column":2},"end":{"line":57,"column":4}},"18":{"start":{"line":60,"column":0},"end":{"line":63,"column":2}}},"fnMap":{"0":{"name":"etiquetaDePosicion","decl":{"start":{"line":3,"column":9},"end":{"line":3,"column":27}},"loc":{"start":{"line":3,"column":38},"end":{"line":9,"column":1}},"line":3},"1":{"name":"obtenerRanking","decl":{"start":{"line":11,"column":15},"end":{"line":11,"column":29}},"loc":{"start":{"line":11,"column":43},"end":{"line":30,"column":1}},"line":11},"2":{"name":"(anonymous_2)","decl":{"start":{"line":26,"column":30},"end":{"line":26,"column":31}},"loc":{"start":{"line":26,"column":41},"end":{"line":29,"column":3}},"line":26},"3":{"name":"obtenerPosicionDeUsuario","decl":{"start":{"line":32,"column":15},"end":{"line":32,"column":39}},"loc":{"start":{"line":32,"column":51},"end":{"line":58,"column":1}},"line":32}},"branchMap":{"0":{"loc":{"start":{"line":4,"column":2},"end":{"line":4,"column":47}},"type":"if","locations":[{"start":{"line":4,"column":2},"end":{"line":4,"column":47}},{"start":{},"end":{}}],"line":4},"1":{"loc":{"start":{"line":5,"column":2},"end":{"line":5,"column":48}},"type":"if","locations":[{"start":{"line":5,"column":2},"end":{"line":5,"column":48}},{"start":{},"end":{}}],"line":5},"2":{"loc":{"start":{"line":6,"column":2},"end":{"line":6,"column":47}},"type":"if","locations":[{"start":{"line":6,"column":2},"end":{"line":6,"column":47}},{"start":{},"end":{}}],"line":6},"3":{"loc":{"start":{"line":7,"column":2},"end":{"line":7,"column":38}},"type":"if","locations":[{"start":{"line":7,"column":2},"end":{"line":7,"column":38}},{"start":{},"end":{}}],"line":7},"4":{"loc":{"start":{"line":11,"column":30},"end":{"line":11,"column":41}},"type":"default-arg","locations":[{"start":{"line":11,"column":39},"end":{"line":11,"column":41}}],"line":11},"5":{"loc":{"start":{"line":50,"column":2},"end":{"line":50,"column":49}},"type":"if","locations":[{"start":{"line":50,"column":2},"end":{"line":50,"column":49}},{"start":{},"end":{}}],"line":50}},"s":{"0":1,"1":5,"2":2,"3":3,"4":1,"5":2,"6":1,"7":1,"8":1,"9":0,"10":3,"11":3,"12":4,"13":2,"14":2,"15":1,"16":1,"17":1,"18":1},"f":{"0":5,"1":3,"2":4,"3":2},"b":{"0":[2,3],"1":[1,2],"2":[1,1],"3":[1,0],"4":[1],"5":[1,1]},"_coverageSchema":"1a1c01bbd47fc00a2c39e90264f33305004495a9","hash":"cf4feb2c2fe854cdc8b1a91b9fe73ae84b86955d"}
,"D:\\USUARIO\\Descargas\\visualCode\\mi-formulario\\backend\\src\\strategies\\PuntosStrategy.js": {"path":"D:\\USUARIO\\Descargas\\visualCode\\mi-formulario\\backend\\src\\strategies\\PuntosStrategy.js","statementMap":{"0":{"start":{"line":25,"column":34},"end":{"line":25,"column":63}},"1":{"start":{"line":34,"column":4},"end":{"line":34,"column":71}},"2":{"start":{"line":38,"column":4},"end":{"line":38,"column":69}},"3":{"start":{"line":48,"column":4},"end":{"line":48,"column":16}},"4":{"start":{"line":56,"column":18},"end":{"line":56,"column":49}},"5":{"start":{"line":57,"column":18},"end":{"line":57,"column":46}},"6":{"start":{"line":64,"column":18},"end":{"line":64,"column":48}},"7":{"start":{"line":65,"column":18},"end":{"line":65,"column":45}},"8":{"start":{"line":73,"column":18},"end":{"line":73,"column":46}},"9":{"start":{"line":74,"column":18},"end":{"line":74,"column":46}},"10":{"start":{"line":77,"column":22},"end":{"line":80,"column":5}},"11":{"start":{"line":81,"column":4},"end":{"line":81,"column":22}},"12":{"start":{"line":90,"column":18},"end":{"line":90,"column":45}},"13":{"start":{"line":91,"column":18},"end":{"line":91,"column":45}},"14":{"start":{"line":95,"column":22},"end":{"line":98,"column":5}},"15":{"start":{"line":99,"column":4},"end":{"line":99,"column":22}},"16":{"start":{"line":113,"column":4},"end":{"line":113,"column":34}},"17":{"start":{"line":114,"column":4},"end":{"line":114,"column":35}},"18":{"start":{"line":123,"column":21},"end":{"line":126,"column":5}},"19":{"start":{"line":128,"column":4},"end":{"line":130,"column":5}},"20":{"start":{"line":129,"column":6},"end":{"line":129,"column":83}},"21":{"start":{"line":132,"column":21},"end":{"line":132,"column":50}},"22":{"start":{"line":133,"column":21},"end":{"line":133,"column":48}},"23":{"start":{"line":135,"column":4},"end":{"line":135,"column":64}},"24":{"start":{"line":137,"column":4},"end":{"line":137,"column":48}},"25":{"start":{"line":141,"column":0},"end":{"line":148,"column":2}}},"fnMap":{"0":{"name":"(anonymous_0)","decl":{"start":{"line":33,"column":2},"end":{"line":33,"column":3}},"loc":{"start":{"line":33,"column":16},"end":{"line":35,"column":3}},"line":33},"1":{"name":"(anonymous_1)","decl":{"start":{"line":37,"column":2},"end":{"line":37,"column":3}},"loc":{"start":{"line":37,"column":14},"end":{"line":39,"column":3}},"line":37},"2":{"name":"(anonymous_2)","decl":{"start":{"line":47,"column":2},"end":{"line":47,"column":3}},"loc":{"start":{"line":47,"column":45},"end":{"line":49,"column":3}},"line":47},"3":{"name":"(anonymous_3)","decl":{"start":{"line":56,"column":2},"end":{"line":56,"column":3}},"loc":{"start":{"line":56,"column":16},"end":{"line":56,"column":51}},"line":56},"4":{"name":"(anonymous_4)","decl":{"start":{"line":57,"column":2},"end":{"line":57,"column":3}},"loc":{"start":{"line":57,"column":16},"end":{"line":57,"column":48}},"line":57},"5":{"name":"(anonymous_5)","decl":{"start":{"line":64,"column":2},"end":{"line":64,"column":3}},"loc":{"start":{"line":64,"column":16},"end":{"line":64,"column":50}},"line":64},"6":{"name":"(anonymous_6)","decl":{"start":{"line":65,"column":2},"end":{"line":65,"column":3}},"loc":{"start":{"line":65,"column":16},"end":{"line":65,"column":47}},"line":65},"7":{"name":"(anonymous_7)","decl":{"start":{"line":73,"column":2},"end":{"line":73,"column":3}},"loc":{"start":{"line":73,"column":16},"end":{"line":73,"column":48}},"line":73},"8":{"name":"(anonymous_8)","decl":{"start":{"line":74,"column":2},"end":{"line":74,"column":3}},"loc":{"start":{"line":74,"column":16},"end":{"line":74,"column":48}},"line":74},"9":{"name":"(anonymous_9)","decl":{"start":{"line":76,"column":2},"end":{"line":76,"column":3}},"loc":{"start":{"line":76,"column":43},"end":{"line":82,"column":3}},"line":76},"10":{"name":"(anonymous_10)","decl":{"start":{"line":90,"column":2},"end":{"line":90,"column":3}},"loc":{"start":{"line":90,"column":16},"end":{"line":90,"column":47}},"line":90},"11":{"name":"(anonymous_11)","decl":{"start":{"line":91,"column":2},"end":{"line":91,"column":3}},"loc":{"start":{"line":91,"column":16},"end":{"line":91,"column":47}},"line":91},"12":{"name":"(anonymous_12)","decl":{"start":{"line":93,"column":2},"end":{"line":93,"column":3}},"loc":{"start":{"line":93,"column":43},"end":{"line":100,"column":3}},"line":93},"13":{"name":"(anonymous_13)","decl":{"start":{"line":112,"column":2},"end":{"line":112,"column":3}},"loc":{"start":{"line":112,"column":39},"end":{"line":115,"column":3}},"line":112},"14":{"name":"(anonymous_14)","decl":{"start":{"line":122,"column":2},"end":{"line":122,"column":3}},"loc":{"start":{"line":122,"column":28},"end":{"line":138,"column":3}},"line":122}},"branchMap":{"0":{"loc":{"start":{"line":128,"column":4},"end":{"line":130,"column":5}},"type":"if","locations":[{"start":{"line":128,"column":4},"end":{"line":130,"column":5}},{"start":{},"end":{}}],"line":128}},"s":{"0":3,"1":0,"2":0,"3":4,"4":4,"5":4,"6":2,"7":1,"8":1,"9":0,"10":2,"11":2,"12":0,"13":0,"14":0,"15":0,"16":5,"17":5,"18":5,"19":5,"20":1,"21":4,"22":4,"23":4,"24":4,"25":3},"f":{"0":0,"1":0,"2":4,"3":4,"4":4,"5":2,"6":1,"7":1,"8":0,"9":2,"10":0,"11":0,"12":0,"13":5,"14":5},"b":{"0":[1,4]},"_coverageSchema":"1a1c01bbd47fc00a2c39e90264f33305004495a9","hash":"0e8c4524ff653949fb1150b16cffc81aa109e9d8"}
,"D:\\USUARIO\\Descargas\\visualCode\\mi-formulario\\backend\\src\\utils\\constants.js": {"path":"D:\\USUARIO\\Descargas\\visualCode\\mi-formulario\\backend\\src\\utils\\constants.js","statementMap":{"0":{"start":{"line":1,"column":15},"end":{"line":6,"column":1}},"1":{"start":{"line":8,"column":24},"end":{"line":16,"column":1}},"2":{"start":{"line":18,"column":17},"end":{"line":26,"column":1}},"3":{"start":{"line":28,"column":22},"end":{"line":33,"column":1}},"4":{"start":{"line":35,"column":0},"end":{"line":40,"column":2}}},"fnMap":{},"branchMap":{},"s":{"0":6,"1":6,"2":6,"3":6,"4":6},"f":{},"b":{},"_coverageSchema":"1a1c01bbd47fc00a2c39e90264f33305004495a9","hash":"9c4c113f14669b56ad7262874d8e5f9f6eaf9711"}
}
