TN:
SF:src\config\db.js
FN:40,(anonymous_0)
FN:51,(anonymous_1)
FN:62,(anonymous_2)
FN:76,(anonymous_3)
FN:80,(anonymous_4)
FN:90,(anonymous_5)
FN:106,(anonymous_6)
FN:107,(anonymous_7)
FNF:8
FNH:2
FNDA:1,(anonymous_0)
FNDA:1,(anonymous_1)
FNDA:0,(anonymous_2)
FNDA:0,(anonymous_3)
FNDA:0,(anonymous_4)
FNDA:0,(anonymous_5)
FNDA:0,(anonymous_6)
FNDA:0,(anonymous_7)
DA:18,1
DA:20,1
DA:35,1
DA:36,1
DA:41,1
DA:42,0
DA:44,1
DA:52,1
DA:53,1
DA:55,1
DA:63,0
DA:64,0
DA:65,0
DA:67,0
DA:77,0
DA:78,0
DA:80,0
DA:81,0
DA:84,0
DA:91,0
DA:92,0
DA:93,0
DA:94,0
DA:95,0
DA:103,1
DA:105,1
DA:106,0
DA:107,0
LF:28
LH:11
BRDA:41,0,0,0
BRDA:41,0,1,1
BRDA:52,1,0,1
BRDA:52,1,1,0
BRDA:63,2,0,0
BRDA:63,2,1,0
BRDA:76,3,0,0
BRDA:91,4,0,0
BRDA:91,4,1,0
BRF:9
BRH:2
end_of_record
TN:
SF:src\controllers\courseController.js
FN:6,calcularPorcentaje
FN:11,listarCursos
FN:34,obtenerCurso
FN:68,(anonymous_3)
FN:86,crearCurso
FN:116,agregarModulo
FN:155,verificarCursoCompleto
FNF:7
FNH:1
FNDA:7,calcularPorcentaje
FNDA:0,listarCursos
FNDA:0,obtenerCurso
FNDA:0,(anonymous_3)
FNDA:0,crearCurso
FNDA:0,agregarModulo
FNDA:0,verificarCursoCompleto
DA:1,1
DA:2,1
DA:4,1
DA:7,7
DA:8,6
DA:12,0
DA:13,0
DA:27,0
DA:29,0
DA:30,0
DA:35,0
DA:36,0
DA:37,0
DA:38,0
DA:46,0
DA:47,0
DA:50,0
DA:67,0
DA:68,0
DA:69,0
DA:71,0
DA:81,0
DA:82,0
DA:87,0
DA:88,0
DA:89,0
DA:91,0
DA:92,0
DA:95,0
DA:106,0
DA:111,0
DA:112,0
DA:117,0
DA:118,0
DA:119,0
DA:121,0
DA:122,0
DA:126,0
DA:130,0
DA:131,0
DA:134,0
DA:145,0
DA:150,0
DA:151,0
DA:156,0
DA:157,0
DA:158,0
DA:160,0
DA:174,0
DA:175,0
DA:176,0
DA:177,0
DA:178,0
DA:181,0
DA:183,0
DA:184,0
DA:188,1
LF:57
LH:6
BRDA:7,0,0,1
BRDA:7,0,1,6
BRDA:46,1,0,0
BRDA:46,1,1,0
BRDA:63,2,0,0
BRDA:63,2,1,0
BRDA:91,3,0,0
BRDA:91,3,1,0
BRDA:101,4,0,0
BRDA:101,4,1,0
BRDA:121,5,0,0
BRDA:121,5,1,0
BRDA:121,6,0,0
BRDA:121,6,1,0
BRDA:130,7,0,0
BRDA:130,7,1,0
BRDA:176,8,0,0
BRDA:176,8,1,0
BRDA:177,9,0,0
BRDA:177,9,1,0
BRF:20
BRH:2
end_of_record
TN:
SF:src\controllers\gamificationController.js
FN:20,obtenerInsignias
FN:42,completarModulo
FN:91,obtenerRanking
FN:107,misPuntos
FNF:4
FNH:4
FNDA:1,obtenerInsignias
FNDA:6,completarModulo
FNDA:3,obtenerRanking
FNDA:1,misPuntos
DA:13,2
DA:14,2
DA:15,2
DA:21,1
DA:22,1
DA:23,1
DA:31,1
DA:33,0
DA:34,0
DA:43,6
DA:44,6
DA:46,6
DA:47,2
DA:51,4
DA:66,3
DA:70,3
DA:71,3
DA:74,3
DA:75,3
DA:77,3
DA:83,1
DA:84,1
DA:92,3
DA:93,3
DA:97,2
DA:99,1
DA:100,1
DA:108,1
DA:109,1
DA:110,1
DA:115,1
DA:116,0
DA:118,1
DA:120,0
DA:121,0
DA:125,2
LF:36
LH:31
BRDA:46,0,0,2
BRDA:46,0,1,4
BRDA:46,1,0,6
BRDA:46,1,1,5
BRDA:70,2,0,3
BRDA:70,2,1,0
BRDA:71,3,0,3
BRDA:71,3,1,0
BRDA:115,4,0,0
BRDA:115,4,1,1
BRF:10
BRH:7
end_of_record
TN:
SF:src\observers\GamificationObserver.js
FN:42,(anonymous_0)
FN:51,(anonymous_1)
FN:78,(anonymous_2)
FN:145,(anonymous_3)
FN:155,(anonymous_4)
FN:164,(anonymous_5)
FN:172,(anonymous_6)
FN:173,(anonymous_7)
FN:182,(anonymous_8)
FN:184,(anonymous_9)
FNF:10
FNH:7
FNDA:0,(anonymous_0)
FNDA:3,(anonymous_1)
FNDA:3,(anonymous_2)
FNDA:3,(anonymous_3)
FNDA:2,(anonymous_4)
FNDA:6,(anonymous_5)
FNDA:0,(anonymous_6)
FNDA:0,(anonymous_7)
FNDA:3,(anonymous_8)
FNDA:9,(anonymous_9)
DA:24,2
DA:30,2
DA:31,2
DA:32,2
DA:43,0
DA:52,3
DA:54,3
DA:60,3
DA:61,3
DA:63,3
DA:64,3
DA:66,3
DA:67,3
DA:70,3
DA:80,3
DA:82,3
DA:87,3
DA:89,3
DA:90,3
DA:92,3
DA:102,3
DA:104,3
DA:105,21
DA:106,21
DA:108,7
DA:112,7
DA:114,7
DA:116,7
DA:124,7
DA:126,0
DA:133,0
DA:134,0
DA:137,3
DA:146,3
DA:147,3
DA:157,2
DA:165,6
DA:173,0
DA:183,3
DA:184,9
DA:186,3
DA:194,2
DA:195,2
DA:196,2
DA:197,2
DA:199,2
LF:46
LH:41
BRDA:61,0,0,0
BRDA:61,0,1,3
BRDA:66,1,0,3
BRDA:66,1,1,0
BRDA:80,2,0,0
BRDA:80,2,1,3
BRDA:105,3,0,12
BRDA:105,3,1,9
BRDA:106,4,0,14
BRDA:106,4,1,7
BRDA:112,5,0,0
BRDA:112,5,1,7
BRDA:124,6,0,7
BRDA:124,6,1,0
BRF:14
BRH:9
end_of_record
TN:
SF:src\repositories\PointsRepository.js
FN:31,(anonymous_0)
FN:48,(anonymous_1)
FN:65,(anonymous_2)
FN:85,(anonymous_3)
FNF:4
FNH:4
FNDA:5,(anonymous_0)
FNDA:8,(anonymous_1)
FNDA:2,(anonymous_2)
FNDA:2,(anonymous_3)
DA:20,3
DA:21,3
DA:32,5
DA:49,8
DA:55,8
DA:66,2
DA:77,2
DA:86,2
DA:93,2
DA:97,3
LF:10
LH:10
BRF:0
BRH:0
end_of_record
TN:
SF:src\routes\gamificationRoutes.js
FNF:0
FNH:0
DA:1,2
DA:2,2
DA:9,2
DA:11,2
DA:13,2
DA:15,2
DA:17,2
DA:19,2
LF:8
LH:8
BRF:0
BRH:0
end_of_record
TN:
SF:src\services\pointsService.js
FN:4,asignarPuntos
FN:16,obtenerTotalPuntos
FN:27,yaTuvoPuntosHoy
FN:43,puntajeporModulo
FN:51,puntajePorCurso
FN:59,puntajePrimerAcceso
FNF:6
FNH:6
FNDA:4,asignarPuntos
FNDA:1,obtenerTotalPuntos
FNDA:2,yaTuvoPuntosHoy
FNDA:1,puntajeporModulo
FNDA:1,puntajePorCurso
FNDA:2,puntajePrimerAcceso
DA:1,2
DA:2,2
DA:5,4
DA:17,1
DA:24,1
DA:28,2
DA:40,2
DA:44,1
DA:52,1
DA:60,2
DA:62,2
DA:64,1
DA:70,1
DA:73,2
LF:14
LH:14
BRDA:62,0,0,1
BRDA:62,0,1,1
BRF:2
BRH:2
end_of_record
TN:
SF:src\services\rankingService.js
FN:3,etiquetaDePosicion
FN:11,obtenerRanking
FN:26,(anonymous_2)
FN:32,obtenerPosicionDeUsuario
FNF:4
FNH:4
FNDA:5,etiquetaDePosicion
FNDA:3,obtenerRanking
FNDA:4,(anonymous_2)
FNDA:2,obtenerPosicionDeUsuario
DA:1,1
DA:4,5
DA:5,3
DA:6,2
DA:7,1
DA:8,0
DA:12,3
DA:26,4
DA:33,2
DA:50,2
DA:52,1
DA:54,1
DA:60,1
LF:13
LH:12
BRDA:4,0,0,2
BRDA:4,0,1,3
BRDA:5,1,0,1
BRDA:5,1,1,2
BRDA:6,2,0,1
BRDA:6,2,1,1
BRDA:7,3,0,1
BRDA:7,3,1,0
BRDA:11,4,0,1
BRDA:50,5,0,1
BRDA:50,5,1,1
BRF:11
BRH:10
end_of_record
TN:
SF:src\strategies\PuntosStrategy.js
FN:33,(anonymous_0)
FN:37,(anonymous_1)
FN:47,(anonymous_2)
FN:56,(anonymous_3)
FN:57,(anonymous_4)
FN:64,(anonymous_5)
FN:65,(anonymous_6)
FN:73,(anonymous_7)
FN:74,(anonymous_8)
FN:76,(anonymous_9)
FN:90,(anonymous_10)
FN:91,(anonymous_11)
FN:93,(anonymous_12)
FN:112,(anonymous_13)
FN:122,(anonymous_14)
FNF:15
FNH:9
FNDA:0,(anonymous_0)
FNDA:0,(anonymous_1)
FNDA:4,(anonymous_2)
FNDA:4,(anonymous_3)
FNDA:4,(anonymous_4)
FNDA:2,(anonymous_5)
FNDA:1,(anonymous_6)
FNDA:1,(anonymous_7)
FNDA:0,(anonymous_8)
FNDA:2,(anonymous_9)
FNDA:0,(anonymous_10)
FNDA:0,(anonymous_11)
FNDA:0,(anonymous_12)
FNDA:5,(anonymous_13)
FNDA:5,(anonymous_14)
DA:25,3
DA:34,0
DA:38,0
DA:48,4
DA:56,4
DA:57,4
DA:64,2
DA:65,1
DA:73,1
DA:74,0
DA:77,2
DA:81,2
DA:90,0
DA:91,0
DA:95,0
DA:99,0
DA:113,5
DA:114,5
DA:123,5
DA:128,5
DA:129,1
DA:132,4
DA:133,4
DA:135,4
DA:137,4
DA:141,3
LF:26
LH:19
BRDA:128,0,0,1
BRDA:128,0,1,4
BRF:2
BRH:2
end_of_record
TN:
SF:src\utils\constants.js
FNF:0
FNH:0
DA:1,6
DA:8,6
DA:18,6
DA:28,6
DA:35,6
LF:5
LH:5
BRF:0
BRH:0
end_of_record
